<?xml version="1.0" encoding="UTF-8"?>
<!-- Generated by org.testng.reporters.JUnitXMLReporter -->
<testsuite hostname="Admin" ignored="0" name="Command line test" tests="42" failures="0" timestamp="20 Aug 2021 12:53:01 GMT" time="0.085" errors="0">
  <testcase name="maxPriceTest" time="0.03" classname="onlinerBy.api.RentInputFieldsTest"/>
  <testcase name="minMaxPriceTest" time="0.0" classname="onlinerBy.api.RentInputFieldsTest"/>
  <testcase name="minPriceTest" time="0.001" classname="onlinerBy.api.RentInputFieldsTest"/>
  <testcase name="businessCase1Test" time="0.001" classname="onlinerBy.api.RentlBusinessCasesTest"/>
  <testcase name="businessCase2Test" time="0.0" classname="onlinerBy.api.RentlBusinessCasesTest"/>
  <testcase name="blueLineOfMetroTest" time="0.0" classname="onlinerBy.api.RentParamsTest"/>
  <testcase name="bothLinesOfMetroTest" time="0.001" classname="onlinerBy.api.RentParamsTest"/>
  <testcase name="onlyOwnerTest" time="0.0" classname="onlinerBy.api.RentParamsTest"/>
  <testcase name="redLineOfMetroTest" time="0.0" classname="onlinerBy.api.RentParamsTest"/>
  <testcase name="fourPlusRoomsFlatTest" time="0.0" classname="onlinerBy.api.RentRoomButtonsTest"/>
  <testcase name="oneRoomFlatTest" time="0.0" classname="onlinerBy.api.RentRoomButtonsTest"/>
  <testcase name="oneThreeRoomsFlatsTest" time="0.0" classname="onlinerBy.api.RentRoomButtonsTest"/>
  <testcase name="onlyRoomTest" time="0.001" classname="onlinerBy.api.RentRoomButtonsTest"/>
  <testcase name="threeRoomsFlatTest" time="0.0" classname="onlinerBy.api.RentRoomButtonsTest"/>
  <testcase name="twoFourPlusRoomsFlatsTest" time="0.0" classname="onlinerBy.api.RentRoomButtonsTest"/>
  <testcase name="twoRoomsFlatTest" time="0.0" classname="onlinerBy.api.RentRoomButtonsTest"/>
  <testcase name="businessCase1Test" time="0.001" classname="onlinerBy.api.SellBusinessCasesTest"/>
  <testcase name="businessCase2Test" time="0.0" classname="onlinerBy.api.SellBusinessCasesTest"/>
  <testcase name="maxAreaTest" time="0.0" classname="onlinerBy.api.SellInputFieldsTest"/>
  <testcase name="maxBuildingTest" time="0.0" classname="onlinerBy.api.SellInputFieldsTest"/>
  <testcase name="maxPriceTest" time="0.0" classname="onlinerBy.api.SellInputFieldsTest"/>
  <testcase name="minAreaTest" time="0.001" classname="onlinerBy.api.SellInputFieldsTest"/>
  <testcase name="minBuildingTest" time="0.0" classname="onlinerBy.api.SellInputFieldsTest"/>
  <testcase name="minMaxAreaTest" time="0.0" classname="onlinerBy.api.SellInputFieldsTest"/>
  <testcase name="minMaxBuildingTest" time="0.0" classname="onlinerBy.api.SellInputFieldsTest"/>
  <testcase name="minMaxPriceTest" time="0.0" classname="onlinerBy.api.SellInputFieldsTest"/>
  <testcase name="minPriceTest" time="0.0" classname="onlinerBy.api.SellInputFieldsTest"/>
  <testcase name="blockWallTest" time="0.0" classname="onlinerBy.api.SellParamsTest"/>
  <testcase name="brickBlockWallTest" time="0.0" classname="onlinerBy.api.SellParamsTest"/>
  <testcase name="brickWallTest" time="0.0" classname="onlinerBy.api.SellParamsTest"/>
  <testcase name="monolithWallTest" time="0.0" classname="onlinerBy.api.SellParamsTest"/>
  <testcase name="newFlatTest" time="0.002" classname="onlinerBy.api.SellParamsTest"/>
  <testcase name="outermostFloorTest" time="0.001" classname="onlinerBy.api.SellParamsTest"/>
  <testcase name="panelMonolithWallTest" time="0.0" classname="onlinerBy.api.SellParamsTest"/>
  <testcase name="panelWallTest" time="0.0" classname="onlinerBy.api.SellParamsTest"/>
  <testcase name="resaleTest" time="0.0" classname="onlinerBy.api.SellParamsTest"/>
  <testcase name="fourPlusRoomsFlatTest" time="0.0" classname="onlinerBy.api.SellRoomButtonsTest"/>
  <testcase name="oneRoomFlatTest" time="0.0" classname="onlinerBy.api.SellRoomButtonsTest"/>
  <testcase name="oneThreeRoomsFlatsTest" time="0.0" classname="onlinerBy.api.SellRoomButtonsTest"/>
  <testcase name="threeRoomsFlatTest" time="0.0" classname="onlinerBy.api.SellRoomButtonsTest"/>
  <testcase name="twoFourPlusRoomsFlatsTest" time="0.0" classname="onlinerBy.api.SellRoomButtonsTest"/>
  <testcase name="twoRoomsFlatTest" time="0.001" classname="onlinerBy.api.SellRoomButtonsTest"/>
</testsuite> <!-- Command line test -->
